<?xml version="1.0" encoding="UTF-8"?>
<!-- Generated by org.testng.reporters.JUnitReportReporter -->
<testsuite hostname="TYSS-Monish-S-N" failures="0" tests="1" name="org.automation.testScripts.WishListScriptsTest" time="8.297" errors="0" timestamp="2024-02-07T15:05:00 IST" skipped="0">
  <testcase classname="org.automation.testScripts.WishListScriptsTest" name="wishListScripts" time="8.297"/>
  <system-out>
    <![CDATA[Books Page is Displayed 
Fiction Ex Book Displayed
FictionEx Displayed in Wishlist Page
TestCase PASS]]>
  </system-out>
</testsuite> <!-- org.automation.testScripts.WishListScriptsTest -->
