<?xml version="1.0" encoding="UTF-8"?>
<!-- Generated by org.testng.reporters.JUnitReportReporter -->
<testsuite hostname="TYSS-Monish-S-N" failures="0" tests="4" name="org.automation.testScripts.RegisterTC01Test" time="33.243" errors="0" timestamp="2024-02-07T15:05:00 IST" skipped="0">
  <testcase classname="org.automation.testScripts.RegisterTC01Test" name="registertc" time="7.603"/>
  <system-out>
    <![CDATA[Registration Page Displayed
Test Case Pass]]>
  </system-out>
  <testcase classname="org.automation.testScripts.RegisterTC01Test" name="registertc" time="8.812"/>
  <system-out>
    <![CDATA[Registration Page Displayed
Test Case Pass]]>
  </system-out>
  <testcase classname="org.automation.testScripts.RegisterTC01Test" name="registertc" time="9.352"/>
  <system-out>
    <![CDATA[Registration Page Displayed
Test Case Pass]]>
  </system-out>
  <testcase classname="org.automation.testScripts.RegisterTC01Test" name="registertc" time="7.476"/>
  <system-out>
    <![CDATA[Registration Page Displayed
Test Case Pass]]>
  </system-out>
</testsuite> <!-- org.automation.testScripts.RegisterTC01Test -->
