<?xml version="1.0" encoding="UTF-8"?>
<!-- Generated by org.testng.reporters.JUnitReportReporter -->
<testsuite hostname="TYSS-Monish-S-N" failures="0" tests="1" name="org.automation.testScripts.CartTestScripts" time="13.418" errors="0" timestamp="2024-02-07T15:05:00 IST" skipped="0">
  <testcase classname="org.automation.testScripts.CartTestScripts" name="cartTestScripts" time="13.418"/>
  <system-out>
    <![CDATA[Digital Download Page Displayed
ShoppingCart Page Displayed
All Products Added To cart
Products  Removed]]>
  </system-out>
</testsuite> <!-- org.automation.testScripts.CartTestScripts -->
