<?xml version="1.0" encoding="UTF-8"?>
<!-- Generated by org.testng.reporters.JUnitReportReporter -->
<testsuite hostname="TYSS-Monish-S-N" failures="0" tests="1" name="org.automation.testScripts.RegisterTC01" time="9.700" errors="0" timestamp="2024-02-06T16:44:39 IST" skipped="0">
  <testcase classname="org.automation.testScripts.RegisterTC01" name="registertc" time="9.700"/>
  <system-out>
    <![CDATA[Registration Page Displayed
Test Case Pass]]>
  </system-out>
</testsuite> <!-- org.automation.testScripts.RegisterTC01 -->
